
ROM used:   1573/8192 (19%)
            1573/8192 (19%) including unused fragments

            0.5 Average locations per line
            2.8 Average locations per statement

RAM used:   40/368 (11%) at main() level
            77/368 (21%) worst case

Stack used: 1 worst case (0 in main + 1 for interrupts)
Stack size: 8

Lines Stmts  %   Files
----- ----- ---  -----
   96    44   8  LM35.c
  629     0   0  C:\Program Files (x86)\PICC\Devices\16f877.h
  154    72  13  C:\Program Files (x86)\PICC\Drivers\crc.c
  423     0   0  C:\Program Files (x86)\PICC\Drivers\string.h
   32     0   0  C:\Program Files (x86)\PICC\Drivers\stddef.h
   28     0   0  C:\Program Files (x86)\PICC\Drivers\ctype.h
 1351   359  64  C:\Program Files (x86)\PICC\Drivers\stdlib.h
  456    84  15  C:\Program Files (x86)\PICC\Drivers\lcd.c
----- -----
 3169   559 Total

Page ROM  %  RAM   Vol Diff  Functions:
---- --- --- ---   --- ----  ----------
 Inline        13  1104  9.3  generate_8bit_crc
0    117   7   13             @MULFF
 Inline         2             @ITOF
 Inline        16             @ADDFF
 Inline        14             @DIVFF
0     21   1    1             @delay_ms1
0      8   1    0             @const919
 Inline         3   596  5.9  lcd_read_byte
0      6   0    0    59  4.2  lcd_read_nibble
0     12   1    1   179  3.3  lcd_send_nibble
0     64   4    3   460  4.7  lcd_send_byte
0     69   4    2   667  5.9  lcd_init
0     18   1    4   208  6.3  lcd_gotoxy
0     50   3    1   354  4.7  lcd_putc
0    223  14    4   822  6.3  seri
0    782  50    4   189  3.2  sicaklik_oku
 Inline         4             @SFTOI
0     21   1    3             @DIV88
 Inline         6             @PRINTF_D_937
0     77   5    0   308  2.3  MAIN
0     17   1    0             @const979
0     39   2    2             @PSTRINGC_937
 Inline         0             @cinit1

Program metrics:
    Functions               11
    Statements              559
    Comments                742
    Volume (V)              7779
    Difficulty (D)          53.4
    Effort to implement (E) 415394
    Time to implement (T)   6 hours, 25 minutes
    Est Delivered Bugs (B)  2
    Cyclomatic Complexity   17
    Maintainability (MI)    81

 Segment     Used  Free
-----------  ----  ----
00000-00003     4  0  
00004-00030    45  0  
00031-007FF  1524  475  
00800-00FFF     0  2048  
01000-017FF     0  2048  
01800-01FFF     0  2048  



