
ROM used:   505/8192 (6%)
            505/8192 (6%) including unused fragments

            0.5 Average locations per line
            3.4 Average locations per statement

RAM used:   28/368 (8%) at main() level
            49/368 (13%) worst case

Stack used: 1 worst case (0 in main + 1 for interrupts)
Stack size: 8

Lines Stmts  %   Files
----- ----- ---  -----
   85    36  24  slavenumpad.c
  629     0   0  C:\Program Files (x86)\PICC\Devices\16f877.h
  154    72  49  C:\Program Files (x86)\PICC\Drivers\crc.c
  135    40  27  C:\Program Files (x86)\PICC\Drivers\kbd.c
----- -----
 1003   148 Total

Page ROM  %  RAM   Vol Diff  Functions:
---- --- --- ---   --- ----  ----------
 Inline        13  1104  9.3  generate_8bit_crc
0     21   4    1             @delay_ms1
0     16   3    0             @const640
0    138  27    3  4568  9.8  kbd_getc
 Inline         2             @MUL88
0    221  44    4   807  5.8  seri
0     60  12    0   240  3.2  MAIN
 Inline         0             @cinit1

Program metrics:
    Functions               4
    Statements              148
    Comments                197
    Volume (V)              8129
    Difficulty (D)          27.8
    Effort to implement (E) 225654
    Time to implement (T)   3 hours, 29 minutes
    Est Delivered Bugs (B)  1
    Cyclomatic Complexity   21
    Maintainability (MI)    22

 Segment     Used  Free
-----------  ----  ----
00000-00003     4  0  
00004-00030    45  0  
00031-007FF   456  1543  
00800-00FFF     0  2048  
01000-017FF     0  2048  
01800-01FFF     0  2048  



